<?xml version="1.0" encoding="UTF-8"?>
<!-- Generated by org.testng.reporters.JUnitXMLReporter -->
<testsuite hostname="Hammids-MBP" name="Demo Selenium Tests" tests="5" failures="0" timestamp="4 May 2018 03:22:51 GMT" time="88.637" errors="0">
  <testcase name="sampleTest" time="0.443" classname="sample.SampleTestsIT"/>
  <testcase name="sampleTestWDataProvider" time="54.338" classname="sample.SampleTestsIT"/>
  <testcase name="sampleTestWDataProvider" time="58.473" classname="sample.SampleTestsIT"/>
  <testcase name="sampleTestWDataProvider" time="56.449" classname="sample.SampleTestsIT"/>
  <testcase name="sampleTestWDataProvider" time="72.721" classname="sample.SampleTestsIT"/>
</testsuite> <!-- Demo Selenium Tests -->
